--- POST ---
Array
(
    [action] => createProduct
    [name] => sdf
    [slug] => sdf
    [price] => 34
    [quantity] => 44
    [imageUrl] => /uploads/68753ef0a9fef_img_3850.jpg
    [category] => Lim for øyevipper
    [newProduct] => true
    [popularProduct] => false
    [description] => 
    [attributes] => {"attributeNames":["sad"],"attributeValues":{"sad":["sddd"]},"variants":[{"combination":{"sad":"sddd"},"price":"0","quantity":"0"}]}
)

--- ATTRIBUTES RAW ---
{"attributeNames":["sad"],"attributeValues":{"sad":["sddd"]},"variants":[{"combination":{"sad":"sddd"},"price":"0","quantity":"0"}]}
--- ATTRIBUTES DECODED ---
Array
(
    [attributeNames] => Array
        (
            [0] => sad
        )

    [attributeValues] => Array
        (
            [sad] => Array
                (
                    [0] => sddd
                )

        )

    [variants] => Array
        (
            [0] => Array
                (
                    [combination] => Array
                        (
                            [sad] => sddd
                        )

                    [price] => 0
                    [quantity] => 0
                )

        )

)

