/vise-data-base/api/v1/products/search=
%D0%9D%D0%B0%D0%BA%D0%BB%D0%B0%D0%B4%D0%BD%D1%96%20%D0%B2%D1%96%D1%97
/vise-data-base/api/v1/products/category/%D0%9D%D0%B0%D0%BA%D0%BB%D0%B0%D0%B4%D0%BD%D1%96%20%D0%B2%D1%96%D1%97
/vise-data-base/api/v1/products/search=
POST Body: {}
/vise-data-base/api/v1/products/category/%D0%9D%D0%B0%D0%BA%D0%BB%D0%B0%D0%B4%D0%BD%D1%96%20%D0%B2%D1%96%D1%97
/vise-data-base/api/v1/products/category/%D0%9D%D0%B0%D0%BA%D0%BB%D0%B0%D0%B4%D0%BD%D1%96%20%D0%B2%D1%96%D1%97
POST Body: {"filters":{"Товщина":["0.07"]}}
/vise-data-base/api/v1/products/category/%D0%9D%D0%B0%D0%BA%D0%BB%D0%B0%D0%B4%D0%BD%D1%96%20%D0%B2%D1%96%D1%97
/vise-data-base/api/v1/products/category/%D0%9D%D0%B0%D0%BA%D0%BB%D0%B0%D0%B4%D0%BD%D1%96%20%D0%B2%D1%96%D1%97
POST Body: {"filters":{"Товщина":["0.07","0.1"]}}
/vise-data-base/api/v1/products/category/%D0%9D%D0%B0%D0%BA%D0%BB%D0%B0%D0%B4%D0%BD%D1%96%20%D0%B2%D1%96%D1%97
/vise-data-base/api/v1/products/category/%D0%9D%D0%B0%D0%BA%D0%BB%D0%B0%D0%B4%D0%BD%D1%96%20%D0%B2%D1%96%D1%97
POST Body: {"filters":{"Товщина":["0.07","0.1"],"Довжина":["9mm"]}}
/vise-data-base/api/v1/products/category/%D0%9D%D0%B0%D0%BA%D0%BB%D0%B0%D0%B4%D0%BD%D1%96%20%D0%B2%D1%96%D1%97
/vise-data-base/api/v1/products/category/%D0%9D%D0%B0%D0%BA%D0%BB%D0%B0%D0%B4%D0%BD%D1%96%20%D0%B2%D1%96%D1%97
POST Body: {"filters":{"Довжина":["6mm"]}}
/vise-data-base/api/v1/products/category/%D0%9D%D0%B0%D0%BA%D0%BB%D0%B0%D0%B4%D0%BD%D1%96%20%D0%B2%D1%96%D1%97
/vise-data-base/api/v1/products/category/%D0%9D%D0%B0%D0%BA%D0%BB%D0%B0%D0%B4%D0%BD%D1%96%20%D0%B2%D1%96%D1%97
/vise-data-base/api/v1/products/search=
POST Body: {}
/vise-data-base/api/v1/products/category/%D0%9D%D0%B0%D0%BA%D0%BB%D0%B0%D0%B4%D0%BD%D1%96%20%D0%B2%D1%96%D1%97
/vise-data-base/api/v1/products/category/%D0%9D%D0%B0%D0%BA%D0%BB%D0%B0%D0%B4%D0%BD%D1%96%20%D0%B2%D1%96%D1%97
POST Body: {"filters":{"Вигин":["B"]}}
/vise-data-base/api/v1/products/category/%D0%9D%D0%B0%D0%BA%D0%BB%D0%B0%D0%B4%D0%BD%D1%96%20%D0%B2%D1%96%D1%97
/vise-data-base/api/v1/products/category/%D0%9D%D0%B0%D0%BA%D0%BB%D0%B0%D0%B4%D0%BD%D1%96%20%D0%B2%D1%96%D1%97
POST Body: {"filters":{"Вигин":["M"]}}
/vise-data-base/api/v1/products/category/%D0%9D%D0%B0%D0%BA%D0%BB%D0%B0%D0%B4%D0%BD%D1%96%20%D0%B2%D1%96%D1%97
/vise-data-base/api/v1/products/category/%D0%9D%D0%B0%D0%BA%D0%BB%D0%B0%D0%B4%D0%BD%D1%96%20%D0%B2%D1%96%D1%97
POST Body: {}
/vise-data-base/api/v1/products/category/%D0%9D%D0%B0%D0%BA%D0%BB%D0%B0%D0%B4%D0%BD%D1%96%20%D0%B2%D1%96%D1%97
/vise-data-base/api/v1/products/category/%D0%9D%D0%B0%D0%BA%D0%BB%D0%B0%D0%B4%D0%BD%D1%96%20%D0%B2%D1%96%D1%97
POST Body: {"filters":{"Вигин":["LC"]}}
/vise-data-base/api/v1/products/category/%D0%9D%D0%B0%D0%BA%D0%BB%D0%B0%D0%B4%D0%BD%D1%96%20%D0%B2%D1%96%D1%97
/vise-data-base/api/v1/products/category/%D0%9D%D0%B0%D0%BA%D0%BB%D0%B0%D0%B4%D0%BD%D1%96%20%D0%B2%D1%96%D1%97
POST Body: {"filters":{"Вигин":["B"]}}
/vise-data-base/api/v1/products/category/%D0%9D%D0%B0%D0%BA%D0%BB%D0%B0%D0%B4%D0%BD%D1%96%20%D0%B2%D1%96%D1%97
/vise-data-base/api/v1/products/category/%D0%9D%D0%B0%D0%BA%D0%BB%D0%B0%D0%B4%D0%BD%D1%96%20%D0%B2%D1%96%D1%97
POST Body: {"filters":{"Вигин":["C"]}}
/vise-data-base/api/v1/products/search=
/vise-data-base/api/v1/products/category/%D0%9D%D0%B0%D0%BA%D0%BB%D0%B0%D0%B4%D0%BD%D1%96%20%D0%B2%D1%96%D1%97
/vise-data-base/api/v1/products/search=
/vise-data-base/api/v1/products/category/%D0%9D%D0%B0%D0%BA%D0%BB%D0%B0%D0%B4%D0%BD%D1%96%20%D0%B2%D1%96%D1%97
POST Body: {}
/vise-data-base/api/v1/products/category/%D0%9D%D0%B0%D0%BA%D0%BB%D0%B0%D0%B4%D0%BD%D1%96%20%D0%B2%D1%96%D1%97
/vise-data-base/api/v1/products/category/%D0%9D%D0%B0%D0%BA%D0%BB%D0%B0%D0%B4%D0%BD%D1%96%20%D0%B2%D1%96%D1%97
POST Body: {"filters":{"Вигин":["C"]}}
/vise-data-base/api/v1/products/category/%D0%9D%D0%B0%D0%BA%D0%BB%D0%B0%D0%B4%D0%BD%D1%96%20%D0%B2%D1%96%D1%97
/vise-data-base/api/v1/products/category/%D0%9D%D0%B0%D0%BA%D0%BB%D0%B0%D0%B4%D0%BD%D1%96%20%D0%B2%D1%96%D1%97
POST Body: {"filters":{"Вигин":["CC"]}}
/vise-data-base/api/v1/products/category/%D0%9D%D0%B0%D0%BA%D0%BB%D0%B0%D0%B4%D0%BD%D1%96%20%D0%B2%D1%96%D1%97
/vise-data-base/api/v1/products/category/%D0%9D%D0%B0%D0%BA%D0%BB%D0%B0%D0%B4%D0%BD%D1%96%20%D0%B2%D1%96%D1%97
POST Body: {"filters":{"Товщина":["0.07"]}}
/vise-data-base/api/v1/products/category/%D0%9D%D0%B0%D0%BA%D0%BB%D0%B0%D0%B4%D0%BD%D1%96%20%D0%B2%D1%96%D1%97
/vise-data-base/api/v1/products/category/%D0%9D%D0%B0%D0%BA%D0%BB%D0%B0%D0%B4%D0%BD%D1%96%20%D0%B2%D1%96%D1%97
POST Body: {"filters":{"Довжина":["9mm"]}}
/vise-data-base/api/v1/products/category/%D0%9D%D0%B0%D0%BA%D0%BB%D0%B0%D0%B4%D0%BD%D1%96%20%D0%B2%D1%96%D1%97
/vise-data-base/api/v1/products/category/%D0%9D%D0%B0%D0%BA%D0%BB%D0%B0%D0%B4%D0%BD%D1%96%20%D0%B2%D1%96%D1%97
POST Body: {"filters":{"Вигин":["L SOFT"]}}
/vise-data-base/api/v1/products/category/%D0%9D%D0%B0%D0%BA%D0%BB%D0%B0%D0%B4%D0%BD%D1%96%20%D0%B2%D1%96%D1%97
/vise-data-base/api/v1/products/category/%D0%9D%D0%B0%D0%BA%D0%BB%D0%B0%D0%B4%D0%BD%D1%96%20%D0%B2%D1%96%D1%97
POST Body: {"filters":{"Вигин":["L"]}}
/vise-data-base/api/v1/products/category/%D0%9D%D0%B0%D0%BA%D0%BB%D0%B0%D0%B4%D0%BD%D1%96%20%D0%B2%D1%96%D1%97
/vise-data-base/api/v1/products/category/%D0%9D%D0%B0%D0%BA%D0%BB%D0%B0%D0%B4%D0%BD%D1%96%20%D0%B2%D1%96%D1%97
POST Body: {"filters":{"Товщина":["0.1"]}}
/vise-data-base/api/v1/products/category/%D0%9D%D0%B0%D0%BA%D0%BB%D0%B0%D0%B4%D0%BD%D1%96%20%D0%B2%D1%96%D1%97
/vise-data-base/api/v1/products/category/%D0%9D%D0%B0%D0%BA%D0%BB%D0%B0%D0%B4%D0%BD%D1%96%20%D0%B2%D1%96%D1%97
POST Body: {"filters":{"Товщина":["0.1","0.07"]}}
/vise-data-base/api/v1/products/category/%D0%9D%D0%B0%D0%BA%D0%BB%D0%B0%D0%B4%D0%BD%D1%96%20%D0%B2%D1%96%D1%97
/vise-data-base/api/v1/products/category/%D0%9D%D0%B0%D0%BA%D0%BB%D0%B0%D0%B4%D0%BD%D1%96%20%D0%B2%D1%96%D1%97
POST Body: {"filters":{"Вигин":["B"]}}
/vise-data-base/api/v1/products/category/%D0%9D%D0%B0%D0%BA%D0%BB%D0%B0%D0%B4%D0%BD%D1%96%20%D0%B2%D1%96%D1%97
/vise-data-base/api/v1/products/search=
/vise-data-base/api/v1/products/category/%D0%9D%D0%B0%D0%BA%D0%BB%D0%B0%D0%B4%D0%BD%D1%96%20%D0%B2%D1%96%D1%97
/vise-data-base/api/v1/products/search=
POST Body: {}
/vise-data-base/api/v1/products/category/%D0%9D%D0%B0%D0%BA%D0%BB%D0%B0%D0%B4%D0%BD%D1%96%20%D0%B2%D1%96%D1%97
/vise-data-base/api/v1/products/category/%D0%9D%D0%B0%D0%BA%D0%BB%D0%B0%D0%B4%D0%BD%D1%96%20%D0%B2%D1%96%D1%97
POST Body: {"filters":{"Вигин":["B"]}}
/vise-data-base/api/v1/products/category/%D0%9D%D0%B0%D0%BA%D0%BB%D0%B0%D0%B4%D0%BD%D1%96%20%D0%B2%D1%96%D1%97
/vise-data-base/api/v1/products/category/%D0%9D%D0%B0%D0%BA%D0%BB%D0%B0%D0%B4%D0%BD%D1%96%20%D0%B2%D1%96%D1%97
POST Body: {"filters":{"Вигин":["C"]}}
/vise-data-base/api/v1/products/category/%D0%9D%D0%B0%D0%BA%D0%BB%D0%B0%D0%B4%D0%BD%D1%96%20%D0%B2%D1%96%D1%97
/vise-data-base/api/v1/products/category/%D0%9D%D0%B0%D0%BA%D0%BB%D0%B0%D0%B4%D0%BD%D1%96%20%D0%B2%D1%96%D1%97
POST Body: {"filters":{"Вигин":["C","B"]}}
/vise-data-base/api/v1/products/category/%D0%9D%D0%B0%D0%BA%D0%BB%D0%B0%D0%B4%D0%BD%D1%96%20%D0%B2%D1%96%D1%97
/vise-data-base/api/v1/products/category/%D0%9D%D0%B0%D0%BA%D0%BB%D0%B0%D0%B4%D0%BD%D1%96%20%D0%B2%D1%96%D1%97
POST Body: {"filters":{"Вигин":["B","C"]}}
/vise-data-base/api/v1/products/category/%D0%9D%D0%B0%D0%BA%D0%BB%D0%B0%D0%B4%D0%BD%D1%96%20%D0%B2%D1%96%D1%97
/vise-data-base/api/v1/products/category/%D0%9D%D0%B0%D0%BA%D0%BB%D0%B0%D0%B4%D0%BD%D1%96%20%D0%B2%D1%96%D1%97
POST Body: {"filters":{"Товщина":["0.1"]}}
/vise-data-base/api/v1/products/category/%D0%9D%D0%B0%D0%BA%D0%BB%D0%B0%D0%B4%D0%BD%D1%96%20%D0%B2%D1%96%D1%97
/vise-data-base/api/v1/products/category/%D0%9D%D0%B0%D0%BA%D0%BB%D0%B0%D0%B4%D0%BD%D1%96%20%D0%B2%D1%96%D1%97
POST Body: {"filters":{"Товщина":["0.1","0.07"]}}
/vise-data-base/api/v1/products/category/%D0%9D%D0%B0%D0%BA%D0%BB%D0%B0%D0%B4%D0%BD%D1%96%20%D0%B2%D1%96%D1%97
/vise-data-base/api/v1/products/category/%D0%9D%D0%B0%D0%BA%D0%BB%D0%B0%D0%B4%D0%BD%D1%96%20%D0%B2%D1%96%D1%97
POST Body: {"filters":{"Товщина":["0.1","0.07"],"Довжина":["9mm"]}}
/vise-data-base/api/v1/products/category/%D0%9D%D0%B0%D0%BA%D0%BB%D0%B0%D0%B4%D0%BD%D1%96%20%D0%B2%D1%96%D1%97
/vise-data-base/api/v1/products/category/%D0%9D%D0%B0%D0%BA%D0%BB%D0%B0%D0%B4%D0%BD%D1%96%20%D0%B2%D1%96%D1%97
POST Body: {"filters":{"Товщина":["0.1","0.07"],"Довжина":["9mm","8mm"]}}
/vise-data-base/api/v1/products/category/%D0%9D%D0%B0%D0%BA%D0%BB%D0%B0%D0%B4%D0%BD%D1%96%20%D0%B2%D1%96%D1%97
/vise-data-base/api/v1/products/category/%D0%9D%D0%B0%D0%BA%D0%BB%D0%B0%D0%B4%D0%BD%D1%96%20%D0%B2%D1%96%D1%97
POST Body: {"filters":{"Товщина":["0.1"],"Довжина":["9mm","8mm"]}}
/vise-data-base/api/v1/products/category/%D0%9D%D0%B0%D0%BA%D0%BB%D0%B0%D0%B4%D0%BD%D1%96%20%D0%B2%D1%96%D1%97
/vise-data-base/api/v1/products/category/%D0%9D%D0%B0%D0%BA%D0%BB%D0%B0%D0%B4%D0%BD%D1%96%20%D0%B2%D1%96%D1%97
POST Body: {"filters":{"Довжина":["9mm","8mm"]}}
/vise-data-base/api/v1/products/category/%D0%9D%D0%B0%D0%BA%D0%BB%D0%B0%D0%B4%D0%BD%D1%96%20%D0%B2%D1%96%D1%97
/vise-data-base/api/v1/products/category/%D0%9D%D0%B0%D0%BA%D0%BB%D0%B0%D0%B4%D0%BD%D1%96%20%D0%B2%D1%96%D1%97
POST Body: {"filters":{"Довжина":["8mm"]}}
/vise-data-base/api/v1/products/category/%D0%9D%D0%B0%D0%BA%D0%BB%D0%B0%D0%B4%D0%BD%D1%96%20%D0%B2%D1%96%D1%97
/vise-data-base/api/v1/products/category/%D0%9D%D0%B0%D0%BA%D0%BB%D0%B0%D0%B4%D0%BD%D1%96%20%D0%B2%D1%96%D1%97
POST Body: {"filters":{"Довжина":["7mm"]}}
/vise-data-base/api/v1/products/category/%D0%9D%D0%B0%D0%BA%D0%BB%D0%B0%D0%B4%D0%BD%D1%96%20%D0%B2%D1%96%D1%97
/vise-data-base/api/v1/products/category/%D0%9D%D0%B0%D0%BA%D0%BB%D0%B0%D0%B4%D0%BD%D1%96%20%D0%B2%D1%96%D1%97
POST Body: {"filters":{"Довжина":["6mm"]}}
/vise-data-base/api/v1/products/category/%D0%9D%D0%B0%D0%BA%D0%BB%D0%B0%D0%B4%D0%BD%D1%96%20%D0%B2%D1%96%D1%97
/vise-data-base/api/v1/products/category/%D0%9D%D0%B0%D0%BA%D0%BB%D0%B0%D0%B4%D0%BD%D1%96%20%D0%B2%D1%96%D1%97
POST Body: {"filters":{"Довжина":["6mm","13mm"]}}
/vise-data-base/api/v1/products/category/%D0%9D%D0%B0%D0%BA%D0%BB%D0%B0%D0%B4%D0%BD%D1%96%20%D0%B2%D1%96%D1%97
/vise-data-base/api/v1/products/category/%D0%9D%D0%B0%D0%BA%D0%BB%D0%B0%D0%B4%D0%BD%D1%96%20%D0%B2%D1%96%D1%97
POST Body: {"filters":{"Довжина":["6mm","13mm","12mm"]}}
/vise-data-base/api/v1/products/category/%D0%9D%D0%B0%D0%BA%D0%BB%D0%B0%D0%B4%D0%BD%D1%96%20%D0%B2%D1%96%D1%97
/vise-data-base/api/v1/products/category/%D0%9D%D0%B0%D0%BA%D0%BB%D0%B0%D0%B4%D0%BD%D1%96%20%D0%B2%D1%96%D1%97
POST Body: {"filters":{"Довжина":["6mm","13mm","12mm","10mm"]}}
/vise-data-base/api/v1/products/category/%D0%9D%D0%B0%D0%BA%D0%BB%D0%B0%D0%B4%D0%BD%D1%96%20%D0%B2%D1%96%D1%97
/vise-data-base/api/v1/products/category/%D0%9D%D0%B0%D0%BA%D0%BB%D0%B0%D0%B4%D0%BD%D1%96%20%D0%B2%D1%96%D1%97
POST Body: {"filters":{"Довжина":["6mm","13mm","12mm","10mm"],"Вигин":["M"]}}
/vise-data-base/api/v1/products/category/%D0%9D%D0%B0%D0%BA%D0%BB%D0%B0%D0%B4%D0%BD%D1%96%20%D0%B2%D1%96%D1%97
/vise-data-base/api/v1/products/category/%D0%9D%D0%B0%D0%BA%D0%BB%D0%B0%D0%B4%D0%BD%D1%96%20%D0%B2%D1%96%D1%97
POST Body: {"filters":{"Довжина":["6mm","13mm","12mm","10mm"],"Вигин":["M","LC"]}}
/vise-data-base/api/v1/products/category/%D0%9D%D0%B0%D0%BA%D0%BB%D0%B0%D0%B4%D0%BD%D1%96%20%D0%B2%D1%96%D1%97
/vise-data-base/api/v1/products/category/%D0%9D%D0%B0%D0%BA%D0%BB%D0%B0%D0%B4%D0%BD%D1%96%20%D0%B2%D1%96%D1%97
POST Body: {"filters":{"Довжина":["6mm","13mm","12mm","10mm"],"Вигин":["M","LC","L SOFT"]}}
/vise-data-base/api/v1/products/category/%D0%9D%D0%B0%D0%BA%D0%BB%D0%B0%D0%B4%D0%BD%D1%96%20%D0%B2%D1%96%D1%97
/vise-data-base/api/v1/products/category/%D0%9D%D0%B0%D0%BA%D0%BB%D0%B0%D0%B4%D0%BD%D1%96%20%D0%B2%D1%96%D1%97
POST Body: {"filters":{"Довжина":["6mm","13mm","12mm","10mm"],"Вигин":["M","LC","L SOFT","L"]}}
/vise-data-base/api/v1/products/category/%D0%9D%D0%B0%D0%BA%D0%BB%D0%B0%D0%B4%D0%BD%D1%96%20%D0%B2%D1%96%D1%97
/vise-data-base/api/v1/products/category/%D0%9D%D0%B0%D0%BA%D0%BB%D0%B0%D0%B4%D0%BD%D1%96%20%D0%B2%D1%96%D1%97
POST Body: {"filters":{"Довжина":["6mm","13mm","12mm","10mm"],"Вигин":["M","LC","L SOFT","L","B"]}}
/vise-data-base/api/v1/products/category/%D0%9D%D0%B0%D0%BA%D0%BB%D0%B0%D0%B4%D0%BD%D1%96%20%D0%B2%D1%96%D1%97
/vise-data-base/api/v1/products/category/%D0%9D%D0%B0%D0%BA%D0%BB%D0%B0%D0%B4%D0%BD%D1%96%20%D0%B2%D1%96%D1%97
POST Body: {"filters":{"Довжина":["6mm","13mm","12mm","10mm"],"Вигин":["M","LC","L SOFT","L","B","C"]}}
/vise-data-base/api/v1/products/category/%D0%9D%D0%B0%D0%BA%D0%BB%D0%B0%D0%B4%D0%BD%D1%96%20%D0%B2%D1%96%D1%97
/vise-data-base/api/v1/products/category/%D0%9D%D0%B0%D0%BA%D0%BB%D0%B0%D0%B4%D0%BD%D1%96%20%D0%B2%D1%96%D1%97
POST Body: {"filters":{"Довжина":["6mm","13mm","12mm","10mm"],"Вигин":["M","LC","L SOFT","L","B","C","CC"]}}
/vise-data-base/api/v1/products/category/%D0%9D%D0%B0%D0%BA%D0%BB%D0%B0%D0%B4%D0%BD%D1%96%20%D0%B2%D1%96%D1%97
/vise-data-base/api/v1/products/category/%D0%9D%D0%B0%D0%BA%D0%BB%D0%B0%D0%B4%D0%BD%D1%96%20%D0%B2%D1%96%D1%97
POST Body: {"filters":{"Довжина":["6mm","13mm","12mm","10mm"],"Вигин":["M","LC","L SOFT","L","B","C","CC","D"]}}
/vise-data-base/api/v1/products/category/%D0%9D%D0%B0%D0%BA%D0%BB%D0%B0%D0%B4%D0%BD%D1%96%20%D0%B2%D1%96%D1%97
/vise-data-base/api/v1/products/category/%D0%9D%D0%B0%D0%BA%D0%BB%D0%B0%D0%B4%D0%BD%D1%96%20%D0%B2%D1%96%D1%97
POST Body: {"filters":{"Довжина":["6mm","13mm","12mm","10mm","9mm"],"Вигин":["M","LC","L SOFT","L","B","C","CC","D"]}}
/vise-data-base/api/v1/products/category/%D0%9D%D0%B0%D0%BA%D0%BB%D0%B0%D0%B4%D0%BD%D1%96%20%D0%B2%D1%96%D1%97
/vise-data-base/api/v1/products/category/%D0%9D%D0%B0%D0%BA%D0%BB%D0%B0%D0%B4%D0%BD%D1%96%20%D0%B2%D1%96%D1%97
POST Body: {"filters":{"Довжина":["6mm","13mm","12mm","10mm","9mm","8mm"],"Вигин":["M","LC","L SOFT","L","B","C","CC","D"]}}
/vise-data-base/api/v1/products/category/%D0%9D%D0%B0%D0%BA%D0%BB%D0%B0%D0%B4%D0%BD%D1%96%20%D0%B2%D1%96%D1%97
/vise-data-base/api/v1/products/category/%D0%9D%D0%B0%D0%BA%D0%BB%D0%B0%D0%B4%D0%BD%D1%96%20%D0%B2%D1%96%D1%97
POST Body: {"filters":{"Довжина":["6mm","13mm","12mm","10mm","9mm","8mm","7mm"],"Вигин":["M","LC","L SOFT","L","B","C","CC","D"]}}
/vise-data-base/api/v1/products/category/%D0%9D%D0%B0%D0%BA%D0%BB%D0%B0%D0%B4%D0%BD%D1%96%20%D0%B2%D1%96%D1%97
/vise-data-base/api/v1/products/category/%D0%9D%D0%B0%D0%BA%D0%BB%D0%B0%D0%B4%D0%BD%D1%96%20%D0%B2%D1%96%D1%97
POST Body: {"filters":{"Довжина":["6mm","13mm","12mm","10mm","9mm","8mm","7mm","6-13mm"],"Вигин":["M","LC","L SOFT","L","B","C","CC","D"]}}
/vise-data-base/api/v1/products/category/%D0%9D%D0%B0%D0%BA%D0%BB%D0%B0%D0%B4%D0%BD%D1%96%20%D0%B2%D1%96%D1%97
/vise-data-base/api/v1/products/category/%D0%9D%D0%B0%D0%BA%D0%BB%D0%B0%D0%B4%D0%BD%D1%96%20%D0%B2%D1%96%D1%97
POST Body: {"filters":{"Довжина":["6mm","13mm","12mm","10mm","9mm","8mm","7mm","6-13mm","5mm"],"Вигин":["M","LC","L SOFT","L","B","C","CC","D"]}}
/vise-data-base/api/v1/products/category/%D0%9D%D0%B0%D0%BA%D0%BB%D0%B0%D0%B4%D0%BD%D1%96%20%D0%B2%D1%96%D1%97
/vise-data-base/api/v1/products/category/%D0%9D%D0%B0%D0%BA%D0%BB%D0%B0%D0%B4%D0%BD%D1%96%20%D0%B2%D1%96%D1%97
POST Body: {"filters":{"Довжина":["6mm","13mm","12mm","10mm","9mm","8mm","7mm","6-13mm","5mm","4-7mm"],"Вигин":["M","LC","L SOFT","L","B","C","CC","D"]}}
/vise-data-base/api/v1/products/category/%D0%9D%D0%B0%D0%BA%D0%BB%D0%B0%D0%B4%D0%BD%D1%96%20%D0%B2%D1%96%D1%97
/vise-data-base/api/v1/products/category/%D0%9D%D0%B0%D0%BA%D0%BB%D0%B0%D0%B4%D0%BD%D1%96%20%D0%B2%D1%96%D1%97
POST Body: {"filters":{"Довжина":["6mm","13mm","12mm","10mm","9mm","8mm","7mm","6-13mm","5mm","4-7mm","14mm"],"Вигин":["M","LC","L SOFT","L","B","C","CC","D"]}}
/vise-data-base/api/v1/products/category/%D0%9D%D0%B0%D0%BA%D0%BB%D0%B0%D0%B4%D0%BD%D1%96%20%D0%B2%D1%96%D1%97
/vise-data-base/api/v1/products/category/%D0%9D%D0%B0%D0%BA%D0%BB%D0%B0%D0%B4%D0%BD%D1%96%20%D0%B2%D1%96%D1%97
POST Body: {"filters":{"Довжина":["6mm","13mm","12mm","10mm","9mm","8mm","7mm","6-13mm","5mm","4-7mm","14mm"],"Вигин":["M","LC","L SOFT","L","B","C","CC","D"],"Товщина":["0.07"]}}
/vise-data-base/api/v1/products/category/%D0%9D%D0%B0%D0%BA%D0%BB%D0%B0%D0%B4%D0%BD%D1%96%20%D0%B2%D1%96%D1%97
/vise-data-base/api/v1/products/category/%D0%9D%D0%B0%D0%BA%D0%BB%D0%B0%D0%B4%D0%BD%D1%96%20%D0%B2%D1%96%D1%97
POST Body: {"filters":{"Довжина":["6mm","13mm","12mm","10mm","9mm","8mm","7mm","6-13mm","5mm","4-7mm","14mm"],"Вигин":["M","LC","L SOFT","L","B","C","CC","D"],"Товщина":["0.07","0.1"]}}
/vise-data-base/api/v1/products/search=
/vise-data-base/api/v1/products/category/%D0%9D%D0%B0%D0%BA%D0%BB%D0%B0%D0%B4%D0%BD%D1%96%20%D0%B2%D1%96%D1%97
/vise-data-base/api/v1/products/search=
/vise-data-base/api/v1/products/category/%D0%9D%D0%B0%D0%BA%D0%BB%D0%B0%D0%B4%D0%BD%D1%96%20%D0%B2%D1%96%D1%97
POST Body: {}
/vise-data-base/api/v1/products/category/%D0%9D%D0%B0%D0%BA%D0%BB%D0%B0%D0%B4%D0%BD%D1%96%20%D0%B2%D1%96%D1%97
/vise-data-base/api/v1/products/category/%D0%9D%D0%B0%D0%BA%D0%BB%D0%B0%D0%B4%D0%BD%D1%96%20%D0%B2%D1%96%D1%97
POST Body: {"filters":{"Довжина":["8mm"]}}
/vise-data-base/api/v1/products/category/%D0%9D%D0%B0%D0%BA%D0%BB%D0%B0%D0%B4%D0%BD%D1%96%20%D0%B2%D1%96%D1%97
/vise-data-base/api/v1/products/category/%D0%9D%D0%B0%D0%BA%D0%BB%D0%B0%D0%B4%D0%BD%D1%96%20%D0%B2%D1%96%D1%97
POST Body: {"filters":{"Довжина":["8mm","9mm"]}}
/vise-data-base/api/v1/products/category/%D0%9D%D0%B0%D0%BA%D0%BB%D0%B0%D0%B4%D0%BD%D1%96%20%D0%B2%D1%96%D1%97
/vise-data-base/api/v1/products/category/%D0%9D%D0%B0%D0%BA%D0%BB%D0%B0%D0%B4%D0%BD%D1%96%20%D0%B2%D1%96%D1%97
POST Body: {"filters":{"Довжина":["7mm"]}}
/vise-data-base/api/v1/products/category/%D0%9D%D0%B0%D0%BA%D0%BB%D0%B0%D0%B4%D0%BD%D1%96%20%D0%B2%D1%96%D1%97
/vise-data-base/api/v1/products/category/%D0%9D%D0%B0%D0%BA%D0%BB%D0%B0%D0%B4%D0%BD%D1%96%20%D0%B2%D1%96%D1%97
POST Body: {"filters":{"Довжина":["7mm","6mm"]}}
/vise-data-base/api/v1/products/category/%D0%9D%D0%B0%D0%BA%D0%BB%D0%B0%D0%B4%D0%BD%D1%96%20%D0%B2%D1%96%D1%97
/vise-data-base/api/v1/products/category/%D0%9D%D0%B0%D0%BA%D0%BB%D0%B0%D0%B4%D0%BD%D1%96%20%D0%B2%D1%96%D1%97
POST Body: {"filters":{"Довжина":["7mm","6mm","8mm"]}}
/vise-data-base/api/v1/products/category/%D0%9D%D0%B0%D0%BA%D0%BB%D0%B0%D0%B4%D0%BD%D1%96%20%D0%B2%D1%96%D1%97
/vise-data-base/api/v1/products/category/%D0%9D%D0%B0%D0%BA%D0%BB%D0%B0%D0%B4%D0%BD%D1%96%20%D0%B2%D1%96%D1%97
POST Body: {"filters":{"Довжина":["6mm"]}}
/vise-data-base/api/v1/products/category/%D0%9D%D0%B0%D0%BA%D0%BB%D0%B0%D0%B4%D0%BD%D1%96%20%D0%B2%D1%96%D1%97
/vise-data-base/api/v1/products/category/%D0%9D%D0%B0%D0%BA%D0%BB%D0%B0%D0%B4%D0%BD%D1%96%20%D0%B2%D1%96%D1%97
POST Body: {"filters":{"Довжина":["6mm","8mm"]}}
/vise-data-base/api/v1/products/category/%D0%9D%D0%B0%D0%BA%D0%BB%D0%B0%D0%B4%D0%BD%D1%96%20%D0%B2%D1%96%D1%97
/vise-data-base/api/v1/products/category/%D0%9D%D0%B0%D0%BA%D0%BB%D0%B0%D0%B4%D0%BD%D1%96%20%D0%B2%D1%96%D1%97
POST Body: {"filters":{"Довжина":["8mm","7mm"]}}
/vise-data-base/api/v1/products/category/%D0%9D%D0%B0%D0%BA%D0%BB%D0%B0%D0%B4%D0%BD%D1%96%20%D0%B2%D1%96%D1%97
/vise-data-base/api/v1/products/category/%D0%9D%D0%B0%D0%BA%D0%BB%D0%B0%D0%B4%D0%BD%D1%96%20%D0%B2%D1%96%D1%97
POST Body: {"filters":{"Довжина":["8mm","7mm","6mm"]}}
/vise-data-base/api/v1/products/search=
/vise-data-base/api/v1/products/category/%D0%9D%D0%B0%D0%BA%D0%BB%D0%B0%D0%B4%D0%BD%D1%96%20%D0%B2%D1%96%D1%97
/vise-data-base/api/v1/products/category/%D0%9D%D0%B0%D0%BA%D0%BB%D0%B0%D0%B4%D0%BD%D1%96%20%D0%B2%D1%96%D1%97
/vise-data-base/api/v1/products/search=
POST Body: {}
/vise-data-base/api/v1/products/search=
/vise-data-base/api/v1/products/category/%D0%A0%D0%B5%D0%BC%D1%83%D0%B2%D0%B5%D1%80
/vise-data-base/api/v1/products/search=
%D0%A0%D0%B5%D0%BC%D1%83%D0%B2%D0%B5%D1%80
POST Body: {}
/vise-data-base/api/v1/products/search=
%D0%9F%D1%80%D0%B5%D0%BF%D0%B0%D1%80%D0%B0%D1%82%D0%B8
/vise-data-base/api/v1/products/search=
%D0%9F%D1%80%D0%B5%D0%BF%D0%B0%D1%80%D0%B0%D1%82%D0%B8
POST Body: {}
/vise-data-base/api/v1/products/category/%D0%9A%D0%BB%D0%B5%D0%B9%20%D0%B4%D0%BB%D1%8F%20%D0%B2%D1%96%D0%B9
/vise-data-base/api/v1/products/search=
/vise-data-base/api/v1/products/category/%D0%9A%D0%BB%D0%B5%D0%B9%20%D0%B4%D0%BB%D1%8F%20%D0%B2%D1%96%D0%B9
/vise-data-base/api/v1/products/search=
POST Body: {}
/vise-data-base/api/v1/products/category/%D0%9A%D0%BB%D0%B5%D0%B9%20%D0%B4%D0%BB%D1%8F%20%D0%B2%D1%96%D0%B9
/vise-data-base/api/v1/products/category/%D0%9A%D0%BB%D0%B5%D0%B9%20%D0%B4%D0%BB%D1%8F%20%D0%B2%D1%96%D0%B9
POST Body: {"filters":{"Обʼєм":["3г"]}}
/vise-data-base/api/v1/products/category/%D0%9A%D0%BB%D0%B5%D0%B9%20%D0%B4%D0%BB%D1%8F%20%D0%B2%D1%96%D0%B9
/vise-data-base/api/v1/products/category/%D0%9A%D0%BB%D0%B5%D0%B9%20%D0%B4%D0%BB%D1%8F%20%D0%B2%D1%96%D0%B9
POST Body: {"filters":{"Обʼєм":["3г","10г"]}}
/vise-data-base/api/v1/products/category/%D0%9A%D0%BB%D0%B5%D0%B9%20%D0%B4%D0%BB%D1%8F%20%D0%B2%D1%96%D0%B9
/vise-data-base/api/v1/products/category/%D0%9A%D0%BB%D0%B5%D0%B9%20%D0%B4%D0%BB%D1%8F%20%D0%B2%D1%96%D0%B9
POST Body: {"filters":{"Обʼєм":["3г","10г","5г"]}}
/vise-data-base/api/v1/products/category/%D0%9A%D0%BB%D0%B5%D0%B9%20%D0%B4%D0%BB%D1%8F%20%D0%B2%D1%96%D0%B9
/vise-data-base/api/v1/products/category/%D0%9A%D0%BB%D0%B5%D0%B9%20%D0%B4%D0%BB%D1%8F%20%D0%B2%D1%96%D0%B9
POST Body: {"filters":{"Обʼєм":["10г"]}}
/vise-data-base/api/v1/products/search=
/vise-data-base/api/v1/products/popularProduct
/vise-data-base/api/v1/products/newProduct
/vise-data-base/api/v1/products/newProduct
ct
/vise-data-base/api/v1/products/search=
/vise-data-base/api/v1/products/popularProduct
/vise-data-base/api/v1/products/search=
/vise-data-base/api/v1/products/popularProduct
/vise-data-base/api/v1/products/newProduct
/vise-data-base/api/v1/products/search=
/vise-data-base/api/v1/products/search=
/vise-data-base/api/v1/products/popularProduct
/vise-data-base/api/v1/products/newProduct
/vise-data-base/api/v1/products/search=
/vise-data-base/api/v1/products/popularProduct
